<gui.py-loadSettings()>: 2019-02-13 10:40:54,688,INFO: settings.fielName()=/home/guangzhi/codes/pyRefManager/settings.ini
<gui.py-loadSettings()>: 2019-02-13 10:40:54,688,INFO: storage_folder=/home/guangzhi/codes/pyRefManager
<gui.py-openDatabaseTriggered()>: 2019-02-13 10:40:57,442,INFO: Connected to database: /home/guangzhi/codes/pyRefManager/new4.sqlite
<_MainFrameSlots.py-selFolder()>: 2019-02-13 10:40:58,711,INFO: Selected item.data(0,0)=All, item.data(1,0)=-1
<_MainFrameSlots.py-clickSelFolder()>: 2019-02-13 10:40:58,711,INFO: Select folder All. folderid=-1
<_MainFrameLoadData.py-loadDocTable()>: 2019-02-13 10:40:58,711,INFO: load table None. sort indicator section=0. sort order=1
<_MainFrameLoadData.py-loadDocTable()>: 2019-02-13 10:40:58,711,INFO: NO before difference trashed_docs: 1012
<_MainFrameLoadData.py-loadDocTable()>: 2019-02-13 10:40:58,711,INFO: NO after difference trashed_docs: 1012
<_MainFrameLoadData.py-loadDocTable()>: 2019-02-13 10:40:58,736,INFO: sort idx=4
<_MainFrameLoadData.py-loadDocTable()>: 2019-02-13 10:40:58,737,INFO: len(data)=1012
<_MainFrameSlots.py-selDoc()>: 2019-02-13 10:40:58,740,INFO: Select rowid=0. docid=333
<_MainFrameLoadData.py-loadMetaTab()>: 2019-02-13 10:40:58,741,INFO: docid=333
<_MainFrameLoadData.py-loadBibTab()>: 2019-02-13 10:40:58,752,INFO: docid=333
<_MainFrameLoadData.py-loadNoteTab()>: 2019-02-13 10:40:58,752,INFO: docid=333
<_MainFrameLoadData.py-loadNoteTab()>: 2019-02-13 10:40:58,752,INFO: noteii=None
<_MainFrameSlots.py-selDoc()>: 2019-02-13 10:40:58,753,INFO: Ids of folders of docid=333: ['10']
<_MainFrameLoadData.py-loadDocTable()>: 2019-02-13 10:40:58,783,INFO: current_row=0, docid=333
<_MainFrameSlots.py-selDoc()>: 2019-02-13 10:40:58,784,INFO: Select rowid=0. docid=333
<_MainFrameLoadData.py-loadMetaTab()>: 2019-02-13 10:40:58,784,INFO: docid=333
<_MainFrameLoadData.py-loadBibTab()>: 2019-02-13 10:40:58,785,INFO: docid=333
<_MainFrameLoadData.py-loadNoteTab()>: 2019-02-13 10:40:58,786,INFO: docid=333
<_MainFrameLoadData.py-loadNoteTab()>: 2019-02-13 10:40:58,786,INFO: noteii=None
<_MainFrameSlots.py-selDoc()>: 2019-02-13 10:40:58,786,INFO: Ids of folders of docid=333: ['10']
<_MainFrameSlots.py-filterTypeCombboxChange()>: 2019-02-13 10:40:58,787,INFO: Filter type combobox select=Filter by authors
<_MainFrameSlots.py-filterTypeCombboxChange()>: 2019-02-13 10:40:58,787,INFO: current_folder=All, folderid_d=-1
<_MainFrameSlots.py-selFolder()>: 2019-02-13 10:41:00,602,INFO: Selected item.data(0,0)=Blocking, item.data(1,0)=71
<_MainFrameSlots.py-clickSelFolder()>: 2019-02-13 10:41:00,603,INFO: Select folder Blocking. folderid=71
<_MainFrameLoadData.py-loadDocTable()>: 2019-02-13 10:41:00,603,INFO: load table ('Blocking', '71'). sort indicator section=0. sort order=1
<_MainFrameLoadData.py-loadDocTable()>: 2019-02-13 10:41:00,615,INFO: sort idx=4
<_MainFrameLoadData.py-loadDocTable()>: 2019-02-13 10:41:00,616,INFO: len(data)=1
<_MainFrameLoadData.py-loadDocTable()>: 2019-02-13 10:41:00,617,INFO: current_row=0, docid=943
<_MainFrameSlots.py-selDoc()>: 2019-02-13 10:41:00,617,INFO: Select rowid=0. docid=943
<_MainFrameLoadData.py-loadMetaTab()>: 2019-02-13 10:41:00,617,INFO: docid=943
<_MainFrameLoadData.py-loadBibTab()>: 2019-02-13 10:41:00,626,INFO: docid=943
<_MainFrameLoadData.py-loadNoteTab()>: 2019-02-13 10:41:00,627,INFO: docid=943
<_MainFrameLoadData.py-loadNoteTab()>: 2019-02-13 10:41:00,628,INFO: noteii=None
<_MainFrameSlots.py-selDoc()>: 2019-02-13 10:41:00,628,INFO: Ids of folders of docid=943: ['71']
<_MainFrameSlots.py-filterTypeCombboxChange()>: 2019-02-13 10:41:00,633,INFO: Filter type combobox select=Filter by authors
<_MainFrameSlots.py-filterTypeCombboxChange()>: 2019-02-13 10:41:00,633,INFO: current_folder=Blocking, folderid_d=71
<_MainFrameSlots.py-selFolder()>: 2019-02-13 10:41:07,222,INFO: Selected item.data(0,0)=China_related, item.data(1,0)=17
<_MainFrameSlots.py-clickSelFolder()>: 2019-02-13 10:41:07,222,INFO: Select folder China_related. folderid=17
<_MainFrameLoadData.py-loadDocTable()>: 2019-02-13 10:41:07,223,INFO: load table ('China_related', '17'). sort indicator section=0. sort order=1
<_MainFrameLoadData.py-loadDocTable()>: 2019-02-13 10:41:07,227,INFO: sort idx=4
<_MainFrameLoadData.py-loadDocTable()>: 2019-02-13 10:41:07,227,INFO: len(data)=44
<_MainFrameLoadData.py-loadDocTable()>: 2019-02-13 10:41:07,228,INFO: current_row=0, docid=564
<_MainFrameSlots.py-selDoc()>: 2019-02-13 10:41:07,228,INFO: Select rowid=0. docid=564
<_MainFrameLoadData.py-loadMetaTab()>: 2019-02-13 10:41:07,228,INFO: docid=564
<_MainFrameLoadData.py-loadBibTab()>: 2019-02-13 10:41:07,241,INFO: docid=564
<_MainFrameLoadData.py-loadNoteTab()>: 2019-02-13 10:41:07,243,INFO: docid=564
<_MainFrameLoadData.py-loadNoteTab()>: 2019-02-13 10:41:07,243,INFO: noteii=None
<_MainFrameSlots.py-selDoc()>: 2019-02-13 10:41:07,244,INFO: Ids of folders of docid=564: ['17']
<_MainFrameSlots.py-filterTypeCombboxChange()>: 2019-02-13 10:41:07,248,INFO: Filter type combobox select=Filter by authors
<_MainFrameSlots.py-filterTypeCombboxChange()>: 2019-02-13 10:41:07,249,INFO: current_folder=China_related, folderid_d=17
<_MainFrameSlots.py-selFolder()>: 2019-02-13 10:41:08,610,INFO: Selected item.data(0,0)=Climate_models, item.data(1,0)=34
<_MainFrameSlots.py-clickSelFolder()>: 2019-02-13 10:41:08,610,INFO: Select folder Climate_models. folderid=34
<_MainFrameLoadData.py-loadDocTable()>: 2019-02-13 10:41:08,610,INFO: load table ('Climate_models', '34'). sort indicator section=0. sort order=1
<_MainFrameLoadData.py-loadDocTable()>: 2019-02-13 10:41:08,612,INFO: sort idx=4
<_MainFrameLoadData.py-loadDocTable()>: 2019-02-13 10:41:08,613,INFO: len(data)=6
<_MainFrameLoadData.py-loadDocTable()>: 2019-02-13 10:41:08,613,INFO: current_row=0, docid=679
<_MainFrameSlots.py-selDoc()>: 2019-02-13 10:41:08,613,INFO: Select rowid=0. docid=679
<_MainFrameLoadData.py-loadMetaTab()>: 2019-02-13 10:41:08,614,INFO: docid=679
<_MainFrameLoadData.py-loadBibTab()>: 2019-02-13 10:41:08,628,INFO: docid=679
<_MainFrameLoadData.py-loadNoteTab()>: 2019-02-13 10:41:08,629,INFO: docid=679
<_MainFrameLoadData.py-loadNoteTab()>: 2019-02-13 10:41:08,629,INFO: noteii=None
<_MainFrameSlots.py-selDoc()>: 2019-02-13 10:41:08,630,INFO: Ids of folders of docid=679: ['34']
<_MainFrameSlots.py-filterTypeCombboxChange()>: 2019-02-13 10:41:08,635,INFO: Filter type combobox select=Filter by authors
<_MainFrameSlots.py-filterTypeCombboxChange()>: 2019-02-13 10:41:08,635,INFO: current_folder=Climate_models, folderid_d=34
<_MainFrameSlots.py-selDoc()>: 2019-02-13 10:41:11,626,INFO: Select rowid=0. docid=679
<_MainFrameLoadData.py-loadMetaTab()>: 2019-02-13 10:41:11,626,INFO: docid=679
<_MainFrameLoadData.py-loadBibTab()>: 2019-02-13 10:41:11,637,INFO: docid=679
<_MainFrameLoadData.py-loadNoteTab()>: 2019-02-13 10:41:11,639,INFO: docid=679
<_MainFrameLoadData.py-loadNoteTab()>: 2019-02-13 10:41:11,639,INFO: noteii=None
<_MainFrameSlots.py-selDoc()>: 2019-02-13 10:41:11,640,INFO: Ids of folders of docid=679: ['34']
<_MainFrameSlots.py-docTableMenu()>: 2019-02-13 10:41:11,647,INFO: Seleted rows=[0]
<_MainFrameSlots.py-docTableMenu()>: 2019-02-13 10:41:11,647,INFO: Selected docids=[679]. has_files=[True]
<_MainFrameSlots.py-docTableMenu()>: 2019-02-13 10:41:14,045,INFO: action.text()=Delete From Current Folder
<_MainFrameSlots.py-delFromFolder()>: 2019-02-13 10:41:14,045,INFO: docids=[679]. foldername=Climate_models. folderid=34
<sqlitedb.py-findOrphanDocs()>: 2019-02-13 10:41:14,046,INFO: excluded folders= ["-1","-2","-3"]+[]
<sqlitedb.py-findOrphanDocs()>: 2019-02-13 10:41:14,046,INFO: Orphan docs=[679]
<_MainFrameLoadData.py-loadDocTable()>: 2019-02-13 10:41:14,046,INFO: load table ('Climate_models', '34'). sort indicator section=0. sort order=1
<_MainFrameLoadData.py-loadDocTable()>: 2019-02-13 10:41:14,047,INFO: len(data)=5
<_MainFrameSlots.py-selDoc()>: 2019-02-13 10:41:14,048,INFO: Select rowid=0. docid=185
<_MainFrameLoadData.py-loadMetaTab()>: 2019-02-13 10:41:14,048,INFO: docid=185
<_MainFrameLoadData.py-loadBibTab()>: 2019-02-13 10:41:14,066,INFO: docid=185
<_MainFrameLoadData.py-loadNoteTab()>: 2019-02-13 10:41:14,068,INFO: docid=185
<_MainFrameLoadData.py-loadNoteTab()>: 2019-02-13 10:41:14,069,INFO: noteii=None
<_MainFrameSlots.py-selDoc()>: 2019-02-13 10:41:14,069,INFO: Ids of folders of docid=185: ['34']
<_MainFrameLoadData.py-loadDocTable()>: 2019-02-13 10:41:14,075,INFO: current_row=0, docid=185
<_MainFrameSlots.py-selDoc()>: 2019-02-13 10:41:14,076,INFO: Select rowid=0. docid=185
<_MainFrameLoadData.py-loadMetaTab()>: 2019-02-13 10:41:14,076,INFO: docid=185
<_MainFrameLoadData.py-loadBibTab()>: 2019-02-13 10:41:14,090,INFO: docid=185
<_MainFrameLoadData.py-loadNoteTab()>: 2019-02-13 10:41:14,091,INFO: docid=185
<_MainFrameLoadData.py-loadNoteTab()>: 2019-02-13 10:41:14,092,INFO: noteii=None
<_MainFrameSlots.py-selDoc()>: 2019-02-13 10:41:14,092,INFO: Ids of folders of docid=185: ['34']
<gui.py-closeEvent()>: 2019-02-13 10:49:06,440,INFO: settings.sync()
<gui.py-loadSettings()>: 2019-02-13 10:49:08,529,INFO: settings.fielName()=/home/guangzhi/codes/pyRefManager/settings.ini
<gui.py-loadSettings()>: 2019-02-13 10:49:08,529,INFO: storage_folder=/home/guangzhi/codes/pyRefManager
<gui.py-loadSettings()>: 2019-02-13 10:49:48,172,INFO: settings.fielName()=/home/guangzhi/codes/pyRefManager/settings.ini
<gui.py-loadSettings()>: 2019-02-13 10:49:48,173,INFO: storage_folder=/home/guangzhi/codes/pyRefManager
<widgets.py-__init__()>: 2019-02-13 10:49:48,281,INFO: NO of widgets in v_layout=14
<gui.py-openDatabaseTriggered()>: 2019-02-13 10:49:52,098,INFO: Connected to database: /home/guangzhi/codes/pyRefManager/new4.sqlite
<_MainFrameSlots.py-selFolder()>: 2019-02-13 10:49:53,351,INFO: Selected item.data(0,0)=All, item.data(1,0)=-1
<_MainFrameSlots.py-clickSelFolder()>: 2019-02-13 10:49:53,351,INFO: Select folder All. folderid=-1
<_MainFrameLoadData.py-loadDocTable()>: 2019-02-13 10:49:53,351,INFO: load table None. sort indicator section=0. sort order=1
<_MainFrameLoadData.py-loadDocTable()>: 2019-02-13 10:49:53,351,INFO: NO before difference trashed_docs: 1012
<_MainFrameLoadData.py-loadDocTable()>: 2019-02-13 10:49:53,351,INFO: NO after difference trashed_docs: 1012
<_MainFrameLoadData.py-loadDocTable()>: 2019-02-13 10:49:53,375,INFO: sort idx=4
<_MainFrameLoadData.py-loadDocTable()>: 2019-02-13 10:49:53,377,INFO: len(data)=1012
<_MainFrameSlots.py-selDoc()>: 2019-02-13 10:49:53,379,INFO: Select rowid=0. docid=333
<_MainFrameLoadData.py-loadMetaTab()>: 2019-02-13 10:49:53,379,INFO: docid=333
<widgets.py-createFileField()>: 2019-02-13 10:49:53,390,INFO: Insert at <lib.widgets.MetaTabScroll object at 0x7f1704069af8>
<_MainFrameLoadData.py-loadBibTab()>: 2019-02-13 10:49:53,390,INFO: docid=333
<_MainFrameLoadData.py-loadNoteTab()>: 2019-02-13 10:49:53,391,INFO: docid=333
<_MainFrameLoadData.py-loadNoteTab()>: 2019-02-13 10:49:53,391,INFO: noteii=None
<_MainFrameSlots.py-selDoc()>: 2019-02-13 10:49:53,391,INFO: Ids of folders of docid=333: ['10']
<_MainFrameLoadData.py-loadDocTable()>: 2019-02-13 10:49:53,424,INFO: current_row=0, docid=333
<_MainFrameSlots.py-selDoc()>: 2019-02-13 10:49:53,424,INFO: Select rowid=0. docid=333
<_MainFrameLoadData.py-loadMetaTab()>: 2019-02-13 10:49:53,424,INFO: docid=333
<widgets.py-createFileField()>: 2019-02-13 10:49:53,426,INFO: Insert at <lib.widgets.MetaTabScroll object at 0x7f1704069af8>
<_MainFrameLoadData.py-loadBibTab()>: 2019-02-13 10:49:53,426,INFO: docid=333
<_MainFrameLoadData.py-loadNoteTab()>: 2019-02-13 10:49:53,426,INFO: docid=333
<_MainFrameLoadData.py-loadNoteTab()>: 2019-02-13 10:49:53,426,INFO: noteii=None
<_MainFrameSlots.py-selDoc()>: 2019-02-13 10:49:53,426,INFO: Ids of folders of docid=333: ['10']
<_MainFrameSlots.py-filterTypeCombboxChange()>: 2019-02-13 10:49:53,428,INFO: Filter type combobox select=Filter by authors
<_MainFrameSlots.py-filterTypeCombboxChange()>: 2019-02-13 10:49:53,428,INFO: current_folder=All, folderid_d=-1
<gui.py-closeEvent()>: 2019-02-13 10:52:11,835,INFO: settings.sync()
<gui.py-loadSettings()>: 2019-02-13 10:52:25,736,INFO: settings.fielName()=/home/guangzhi/codes/pyRefManager/settings.ini
<gui.py-loadSettings()>: 2019-02-13 10:52:25,736,INFO: storage_folder=/home/guangzhi/codes/pyRefManager
<widgets.py-__init__()>: 2019-02-13 10:52:25,847,INFO: NO of widgets in v_layout=14
<gui.py-openDatabaseTriggered()>: 2019-02-13 10:52:28,498,INFO: Connected to database: /home/guangzhi/codes/pyRefManager/new4.sqlite
<_MainFrameSlots.py-selFolder()>: 2019-02-13 10:52:29,776,INFO: Selected item.data(0,0)=All, item.data(1,0)=-1
<_MainFrameSlots.py-clickSelFolder()>: 2019-02-13 10:52:29,776,INFO: Select folder All. folderid=-1
<_MainFrameLoadData.py-loadDocTable()>: 2019-02-13 10:52:29,777,INFO: load table None. sort indicator section=0. sort order=1
<_MainFrameLoadData.py-loadDocTable()>: 2019-02-13 10:52:29,777,INFO: NO before difference trashed_docs: 1012
<_MainFrameLoadData.py-loadDocTable()>: 2019-02-13 10:52:29,777,INFO: NO after difference trashed_docs: 1012
<_MainFrameLoadData.py-loadDocTable()>: 2019-02-13 10:52:29,801,INFO: sort idx=4
<_MainFrameLoadData.py-loadDocTable()>: 2019-02-13 10:52:29,802,INFO: len(data)=1012
<_MainFrameSlots.py-selDoc()>: 2019-02-13 10:52:29,804,INFO: Select rowid=0. docid=333
<_MainFrameLoadData.py-loadMetaTab()>: 2019-02-13 10:52:29,804,INFO: docid=333
<widgets.py-createFileField()>: 2019-02-13 10:52:29,816,INFO: Insert at <lib.widgets.MetaTabScroll object at 0x7fd8bc2b3af8>
<_MainFrameLoadData.py-loadBibTab()>: 2019-02-13 10:52:29,816,INFO: docid=333
<_MainFrameLoadData.py-loadNoteTab()>: 2019-02-13 10:52:29,816,INFO: docid=333
<_MainFrameLoadData.py-loadNoteTab()>: 2019-02-13 10:52:29,817,INFO: noteii=None
<_MainFrameSlots.py-selDoc()>: 2019-02-13 10:52:29,817,INFO: Ids of folders of docid=333: ['10']
<_MainFrameLoadData.py-loadDocTable()>: 2019-02-13 10:52:29,849,INFO: current_row=0, docid=333
<_MainFrameSlots.py-selDoc()>: 2019-02-13 10:52:29,849,INFO: Select rowid=0. docid=333
<_MainFrameLoadData.py-loadMetaTab()>: 2019-02-13 10:52:29,850,INFO: docid=333
<widgets.py-delFileField()>: 2019-02-13 10:52:29,851,INFO: Del <lib.widgets.FileLineEdit object at 0x7fd8ac369558>. Current file_insert_idx=15
<widgets.py-createFileField()>: 2019-02-13 10:52:29,851,INFO: Insert at <lib.widgets.MetaTabScroll object at 0x7fd8bc2b3af8>
<_MainFrameLoadData.py-loadBibTab()>: 2019-02-13 10:52:29,851,INFO: docid=333
<_MainFrameLoadData.py-loadNoteTab()>: 2019-02-13 10:52:29,852,INFO: docid=333
<_MainFrameLoadData.py-loadNoteTab()>: 2019-02-13 10:52:29,852,INFO: noteii=None
<_MainFrameSlots.py-selDoc()>: 2019-02-13 10:52:29,852,INFO: Ids of folders of docid=333: ['10']
<_MainFrameSlots.py-filterTypeCombboxChange()>: 2019-02-13 10:52:29,853,INFO: Filter type combobox select=Filter by authors
<_MainFrameSlots.py-filterTypeCombboxChange()>: 2019-02-13 10:52:29,853,INFO: current_folder=All, folderid_d=-1
<gui.py-closeEvent()>: 2019-02-13 11:03:35,248,INFO: settings.sync()
